#
# A fatal error has been detected by the Java Runtime Environment:
#
#  SIGSEGV (0xb) at pc=0x000000010deadae8, pid=67684, tid=20227
#
# JRE version: Java(TM) SE Runtime Environment (7.0_55-b13) (build 1.7.0_55-b13)
# Java VM: Java HotSpot(TM) 64-Bit Server VM (24.55-b03 mixed mode bsd-amd64 compressed oops)
# Problematic frame:
# V  [libjvm.dylib+0x2adae8]  java_lang_String::length(oopDesc*)+0x54
#
# Failed to write core dump. Core dumps have been disabled. To enable core dumping, try "ulimit -c unlimited" before starting Java again
#
# If you would like to submit a bug report, please visit:
#   http://bugreport.sun.com/bugreport/crash.jsp
#

---------------  T H R E A D  ---------------

Current thread (0x00007f9c9101f000):  JavaThread "JDWP Transport Listener: dt_socket" daemon [_thread_in_vm, id=20227, stack(0x000000011dcb9000,0x000000011ddb9000)]

siginfo:si_signo=SIGSEGV: si_errno=0, si_code=1 (SEGV_MAPERR), si_addr=0x000000000000000c

Registers:
RAX=0x0000000000000000, RBX=0x00000007ab4313a8, RCX=0x000000000000000c, RDX=0x0000000000000000
RSP=0x000000011ddb8a10, RBP=0x000000011ddb8a10, RSI=0x00007f9c92802b68, RDI=0x00000007ab4313a8
R8 =0x0000000000000000, R9 =0x00007f9c92a00000, R10=0x000000002c998435, R11=0xffff80648b292190
R12=0x00007f9c9101f000, R13=0x00007f9c92b26180, R14=0x0000000000000000, R15=0x0000000000000000
RIP=0x000000010deadae8, EFLAGS=0x0000000000010202, ERR=0x0000000000000004
  TRAPNO=0x000000000000000e

Top of Stack: (sp=0x000000011ddb8a10)
0x000000011ddb8a10:   000000011ddb8a40 000000010dedd29a
0x000000011ddb8a20:   0000000000000000 0000000000000000
0x000000011ddb8a30:   00000007ab4313a8 00007f9c9101f1e8
0x000000011ddb8a40:   000000011ddb8ab0 000000010df04b48
0x000000011ddb8a50:   00007f9c9101f000 00007f9c9101f000
0x000000011ddb8a60:   0000000000000000 0000000000000000
0x000000011ddb8a70:   00007f9c9101f1e8 00007f9c9101f000
0x000000011ddb8a80:   00007f9c9101f000 000000011ddb8b08
0x000000011ddb8a90:   00007f9c92802b68 00007f9c92b26180
0x000000011ddb8aa0:   000000011ddb8c90 00007f9c9101f1e8
0x000000011ddb8ab0:   000000011ddb8ae0 000000010e65a52e
0x000000011ddb8ac0:   000000011ddb8c90 000000010e67adc0
0x000000011ddb8ad0:   000000011ddb8b08 000000010e686578
0x000000011ddb8ae0:   000000011ddb8d00 000000010e6616b2
0x000000011ddb8af0:   00000ab800000013 0000000000010a00
0x000000011ddb8b00:   00007f9c92b268e0 000000011ddb8b58
0x000000011ddb8b10:   00007f9c0000012c 000000011ddb8b20
0x000000011ddb8b20:   00007f9c00000000 000000011ddb8b58
0x000000011ddb8b30:   0000000000000000 00007f0000000000
0x000000011ddb8b40:   00000ab800000018 00007fff0000ae80
0x000000011ddb8b50:   000000011ddb8b58 0000005b01000000
0x000000011ddb8b60:   0800006e00000000 0000000002000000
0x000000011ddb8b70:   2c02000000000000 0800000000000000
0x000000011ddb8b80:   000001012d020000 00001a0000000000
0x000000011ddb8b90:   000030ef52909c7f 0000ac0000000000
0x000000011ddb8ba0:   0001020009000000 0010000000000000
0x000000011ddb8bb0:   0008b480929c7f00 00fb010000000000
0x000000011ddb8bc0:   0103000900000000 3500000000000000
0x000000011ddb8bd0:   384352909c7f0000 ffffffffffffffff
0x000000011ddb8be0:   0400090000000000 0000000000000001
0x000000011ddb8bf0:   4352909c7f000035 0000000000000048
0x000000011ddb8c00:   0009000000000057 0000000000000105 

Instructions: (pc=0x000000010deadae8)
0x000000010deadac8:   eb 16 48 8d 35 ef 2a 4c 00 8a 4e 08 48 d3 e2 48
0x000000010deadad8:   03 16 eb 04 48 8b 14 0f 84 c0 0f 94 c0 0f b6 c0
0x000000010deadae8:   8b 44 82 0c 5d c3 8b 04 07 5d c3 90 55 48 89 e5
0x000000010deadaf8:   f6 87 8d 00 00 00 02 75 04 31 ff eb 23 48 63 87 

Register to memory mapping:

RAX=0x0000000000000000 is an unknown value
RBX=0x00000007ab4313a8 is an oop
java.lang.String 
 - klass: 'java/lang/String'
RCX=0x000000000000000c is an unknown value
RDX=0x0000000000000000 is an unknown value
RSP=0x000000011ddb8a10 is pointing into the stack for thread: 0x00007f9c9101f000
RBP=0x000000011ddb8a10 is pointing into the stack for thread: 0x00007f9c9101f000
RSI=0x00007f9c92802b68 is a global jni handle
RDI=0x00000007ab4313a8 is an oop
java.lang.String 
 - klass: 'java/lang/String'
R8 =0x0000000000000000 is an unknown value
R9 =0x00007f9c92a00000 is an unknown value
R10=0x000000002c998435 is an unknown value
R11=0xffff80648b292190 is an unknown value
R12=0x00007f9c9101f000 is a thread
R13=0x00007f9c92b26180 is an unknown value
R14=0x0000000000000000 is an unknown value
R15=0x0000000000000000 is an unknown value


Stack: [0x000000011dcb9000,0x000000011ddb9000],  sp=0x000000011ddb8a10,  free space=1022k
Native frames: (J=compiled Java code, j=interpreted, Vv=VM code, C=native code)
V  [libjvm.dylib+0x2adae8]  java_lang_String::length(oopDesc*)+0x54
V  [libjvm.dylib+0x2dd29a]  java_lang_String::utf8_length(oopDesc*)+0x38
V  [libjvm.dylib+0x304b48]  jni_GetStringUTFChars+0x71
C  [libjdwp.dylib+0x752e]  value+0x96
C  [libjdwp.dylib+0xe6b2]  debugLoop_run+0x1ce
C  [libjdwp.dylib+0x1f132]  attachThread+0x4d
V  [libjvm.dylib+0x373e7e]  JvmtiAgentThread::call_start_function()+0x38
V  [libjvm.dylib+0x4efb17]  JavaThread::thread_main_inner()+0x9b
V  [libjvm.dylib+0x4f121f]  JavaThread::run()+0x1a3
V  [libjvm.dylib+0x41b14e]  java_start(Thread*)+0x126
C  [libsystem_pthread.dylib+0x1899]  _pthread_body+0x8a
C  [libsystem_pthread.dylib+0x172a]  _pthread_struct_init+0x0
C  [libsystem_pthread.dylib+0x5fc9]  thread_start+0xd


---------------  P R O C E S S  ---------------

Java Threads: ( => current thread )
  0x00007f9c93a1d000 JavaThread "IPC Client (2141310141) connection to vm-data/192.168.130.251:60020 from chris" daemon [_thread_blocked, id=27395, stack(0x000000011f86c000,0x000000011f96c000)]
  0x00007f9c938a7800 JavaThread "IPC Client (2141310141) connection to vm-data/192.168.130.251:60000 from chris" daemon [_thread_blocked, id=26883, stack(0x000000011f3af000,0x000000011f4af000)]
  0x00007f9c91cc5800 JavaThread "main-EventThread" daemon [_thread_blocked, id=26371, stack(0x00000001212ea000,0x00000001213ea000)]
  0x00007f9c91ff7000 JavaThread "main-SendThread(vm-data:2181)" daemon [_thread_in_native, id=25863, stack(0x000000011f672000,0x000000011f772000)]
  0x00007f9c9204b800 JavaThread "ReaderThread" [_thread_in_native, id=23811, stack(0x000000011efd3000,0x000000011f0d3000)]
  0x00007f9c91817000 JavaThread "Service Thread" daemon [_thread_blocked, id=22787, stack(0x000000011e1c8000,0x000000011e2c8000)]
  0x00007f9c93010800 JavaThread "C2 CompilerThread1" daemon [_thread_blocked, id=22275, stack(0x000000011e0c5000,0x000000011e1c5000)]
  0x00007f9c91818000 JavaThread "C2 CompilerThread0" daemon [_thread_blocked, id=21763, stack(0x000000011dfc2000,0x000000011e0c2000)]
  0x00007f9c91804000 JavaThread "JDWP Command Reader" daemon [_thread_in_native, id=21251, stack(0x000000011debf000,0x000000011dfbf000)]
  0x00007f9c9300f000 JavaThread "JDWP Event Helper Thread" daemon [_thread_blocked, id=20739, stack(0x000000011ddbc000,0x000000011debc000)]
=>0x00007f9c9101f000 JavaThread "JDWP Transport Listener: dt_socket" daemon [_thread_in_vm, id=20227, stack(0x000000011dcb9000,0x000000011ddb9000)]
  0x00007f9c93009000 JavaThread "Signal Dispatcher" daemon [_thread_blocked, id=19715, stack(0x000000011dbb0000,0x000000011dcb0000)]
  0x00007f9c93004000 JavaThread "Finalizer" daemon [_thread_blocked, id=14595, stack(0x000000011d963000,0x000000011da63000)]
  0x00007f9c93001800 JavaThread "Reference Handler" daemon [_thread_blocked, id=14083, stack(0x000000011d860000,0x000000011d960000)]
  0x00007f9c91008000 JavaThread "main" [_thread_blocked, id=6403, stack(0x000000010cab1000,0x000000010cbb1000)]

Other Threads:
  0x00007f9c9203f800 VMThread [stack: 0x000000011d75d000,0x000000011d85d000] [id=13571]
  0x00007f9c91803000 WatcherThread [stack: 0x000000011e2cb000,0x000000011e3cb000] [id=23299]

VM state:not at safepoint (normal execution)

VM Mutex/Monitor currently owned by a thread: None

Heap
 PSYoungGen      total 76800K, used 28942K [0x00000007aaa80000, 0x00000007b4080000, 0x0000000800000000)
  eden space 66048K, 30% used [0x00000007aaa80000,0x00000007abe217f8,0x00000007aeb00000)
  from space 10752K, 82% used [0x00000007aeb00000,0x00000007af3a2378,0x00000007af580000)
  to   space 10752K, 0% used [0x00000007b3600000,0x00000007b3600000,0x00000007b4080000)
 ParOldGen       total 174592K, used 88K [0x0000000700000000, 0x000000070aa80000, 0x00000007aaa80000)
  object space 174592K, 0% used [0x0000000700000000,0x0000000700016010,0x000000070aa80000)
 PSPermGen       total 21504K, used 19087K [0x00000006fae00000, 0x00000006fc300000, 0x0000000700000000)
  object space 21504K, 88% used [0x00000006fae00000,0x00000006fc0a3fc8,0x00000006fc300000)

Card table byte_map: [0x0000000111759000,0x0000000111f83000] byte_map_base: 0x000000010df82000

Polling page: 0x000000010cbf0000

Code Cache  [0x000000010e699000, 0x000000010e909000, 0x0000000111699000)
 total_blobs=678 nmethods=330 adapters=310 free_code_cache=47722Kb largest_free_block=48791232

Compilation events (10 events):
Event: 2.498 Thread 0x00007f9c93010800  337             com.google.protobuf.CodedInputStream::readRawByte (34 bytes)
Event: 2.500 Thread 0x00007f9c93010800 nmethod 337 0x000000010e70ddd0 code [0x000000010e70df20, 0x000000010e70e028]
Event: 2.509 Thread 0x00007f9c91818000  338             com.google.protobuf.CodedInputStream::readRawVarint32 (147 bytes)
Event: 2.513 Thread 0x00007f9c91818000 nmethod 338 0x000000010e712190 code [0x000000010e712340, 0x000000010e7127b0]
Event: 2.542 Thread 0x00007f9c93010800  339             java.util.regex.Matcher::search (109 bytes)
Event: 2.546 Thread 0x00007f9c93010800 nmethod 339 0x000000010e72cbd0 code [0x000000010e72cd40, 0x000000010e72d138]
Event: 2.587 Thread 0x00007f9c91818000  340             org.apache.hadoop.hbase.io.ImmutableBytesWritable::hashCode (40 bytes)
Event: 2.589 Thread 0x00007f9c91818000 nmethod 340 0x000000010e70d5d0 code [0x000000010e70d720, 0x000000010e70d918]
Event: 2.633 Thread 0x00007f9c93010800  341             java.util.ArrayList::access$100 (5 bytes)
Event: 2.633 Thread 0x00007f9c93010800 nmethod 341 0x000000010e7fe210 code [0x000000010e7fe340, 0x000000010e7fe3b8]

GC Heap History (6 events):
Event: 1.031 GC heap before
{Heap before GC invocations=1 (full 0):
 PSYoungGen      total 76800K, used 66048K [0x00000007aaa80000, 0x00000007b0000000, 0x0000000800000000)
  eden space 66048K, 100% used [0x00000007aaa80000,0x00000007aeb00000,0x00000007aeb00000)
  from space 10752K, 0% used [0x00000007af580000,0x00000007af580000,0x00000007b0000000)
  to   space 10752K, 0% used [0x00000007aeb00000,0x00000007aeb00000,0x00000007af580000)
 ParOldGen       total 174592K, used 0K [0x0000000700000000, 0x000000070aa80000, 0x00000007aaa80000)
  object space 174592K, 0% used [0x0000000700000000,0x0000000700000000,0x000000070aa80000)
 PSPermGen       total 21504K, used 10306K [0x00000006fae00000, 0x00000006fc300000, 0x0000000700000000)
  object space 21504K, 47% used [0x00000006fae00000,0x00000006fb810940,0x00000006fc300000)
Event: 1.037 GC heap after
Heap after GC invocations=1 (full 0):
 PSYoungGen      total 76800K, used 6180K [0x00000007aaa80000, 0x00000007b0000000, 0x0000000800000000)
  eden space 66048K, 0% used [0x00000007aaa80000,0x00000007aaa80000,0x00000007aeb00000)
  from space 10752K, 57% used [0x00000007aeb00000,0x00000007af109060,0x00000007af580000)
  to   space 10752K, 0% used [0x00000007af580000,0x00000007af580000,0x00000007b0000000)
 ParOldGen       total 174592K, used 72K [0x0000000700000000, 0x000000070aa80000, 0x00000007aaa80000)
  object space 174592K, 0% used [0x0000000700000000,0x0000000700012010,0x000000070aa80000)
 PSPermGen       total 21504K, used 10306K [0x00000006fae00000, 0x00000006fc300000, 0x0000000700000000)
  object space 21504K, 47% used [0x00000006fae00000,0x00000006fb810940,0x00000006fc300000)
}
Event: 1.825 GC heap before
{Heap before GC invocations=2 (full 0):
 PSYoungGen      total 76800K, used 72228K [0x00000007aaa80000, 0x00000007b0000000, 0x0000000800000000)
  eden space 66048K, 100% used [0x00000007aaa80000,0x00000007aeb00000,0x00000007aeb00000)
  from space 10752K, 57% used [0x00000007aeb00000,0x00000007af109060,0x00000007af580000)
  to   space 10752K, 0% used [0x00000007af580000,0x00000007af580000,0x00000007b0000000)
 ParOldGen       total 174592K, used 72K [0x0000000700000000, 0x000000070aa80000, 0x00000007aaa80000)
  object space 174592K, 0% used [0x0000000700000000,0x0000000700012010,0x000000070aa80000)
 PSPermGen       total 21504K, used 14393K [0x00000006fae00000, 0x00000006fc300000, 0x0000000700000000)
  object space 21504K, 66% used [0x00000006fae00000,0x00000006fbc0e498,0x00000006fc300000)
Event: 1.832 GC heap after
Heap after GC invocations=2 (full 0):
 PSYoungGen      total 76800K, used 6950K [0x00000007aaa80000, 0x00000007b0000000, 0x0000000800000000)
  eden space 66048K, 0% used [0x00000007aaa80000,0x00000007aaa80000,0x00000007aeb00000)
  from space 10752K, 64% used [0x00000007af580000,0x00000007afc498e8,0x00000007b0000000)
  to   space 10752K, 0% used [0x00000007aeb00000,0x00000007aeb00000,0x00000007af580000)
 ParOldGen       total 174592K, used 80K [0x0000000700000000, 0x000000070aa80000, 0x00000007aaa80000)
  object space 174592K, 0% used [0x0000000700000000,0x0000000700014010,0x000000070aa80000)
 PSPermGen       total 21504K, used 14393K [0x00000006fae00000, 0x00000006fc300000, 0x0000000700000000)
  object space 21504K, 66% used [0x00000006fae00000,0x00000006fbc0e498,0x00000006fc300000)
}
Event: 2.274 GC heap before
{Heap before GC invocations=3 (full 0):
 PSYoungGen      total 76800K, used 72998K [0x00000007aaa80000, 0x00000007b0000000, 0x0000000800000000)
  eden space 66048K, 100% used [0x00000007aaa80000,0x00000007aeb00000,0x00000007aeb00000)
  from space 10752K, 64% used [0x00000007af580000,0x00000007afc498e8,0x00000007b0000000)
  to   space 10752K, 0% used [0x00000007aeb00000,0x00000007aeb00000,0x00000007af580000)
 ParOldGen       total 174592K, used 80K [0x0000000700000000, 0x000000070aa80000, 0x00000007aaa80000)
  object space 174592K, 0% used [0x0000000700000000,0x0000000700014010,0x000000070aa80000)
 PSPermGen       total 21504K, used 18058K [0x00000006fae00000, 0x00000006fc300000, 0x0000000700000000)
  object space 21504K, 83% used [0x00000006fae00000,0x00000006fbfa2840,0x00000006fc300000)
Event: 2.282 GC heap after
Heap after GC invocations=3 (full 0):
 PSYoungGen      total 76800K, used 8840K [0x00000007aaa80000, 0x00000007b4080000, 0x0000000800000000)
  eden space 66048K, 0% used [0x00000007aaa80000,0x00000007aaa80000,0x00000007aeb00000)
  from space 10752K, 82% used [0x00000007aeb00000,0x00000007af3a2378,0x00000007af580000)
  to   space 10752K, 0% used [0x00000007b3600000,0x00000007b3600000,0x00000007b4080000)
 ParOldGen       total 174592K, used 88K [0x0000000700000000, 0x000000070aa80000, 0x00000007aaa80000)
  object space 174592K, 0% used [0x0000000700000000,0x0000000700016010,0x000000070aa80000)
 PSPermGen       total 21504K, used 18058K [0x00000006fae00000, 0x00000006fc300000, 0x0000000700000000)
  object space 21504K, 83% used [0x00000006fae00000,0x00000006fbfa2840,0x00000006fc300000)
}

Deoptimization events (10 events):
Event: 0.968 Thread 0x00007f9c91008000 Uncommon trap: reason=class_check action=maybe_recompile pc=0x000000010e7585d0 method=java.util.HashMap.put(Ljava/lang/Object;Ljava/lang/Object;)Ljava/lang/Object; @ 105
Event: 1.052 Thread 0x00007f9c91008000 Uncommon trap: reason=class_check action=maybe_recompile pc=0x000000010e74b2a4 method=java.lang.String.equals(Ljava/lang/Object;)Z @ 8
Event: 1.052 Thread 0x00007f9c91008000 Uncommon trap: reason=class_check action=maybe_recompile pc=0x000000010e74b2a4 method=java.lang.String.equals(Ljava/lang/Object;)Z @ 8
Event: 1.052 Thread 0x00007f9c91008000 Uncommon trap: reason=class_check action=maybe_recompile pc=0x000000010e74b2a4 method=java.lang.String.equals(Ljava/lang/Object;)Z @ 8
Event: 1.052 Thread 0x00007f9c91008000 Uncommon trap: reason=class_check action=maybe_recompile pc=0x000000010e74b2a4 method=java.lang.String.equals(Ljava/lang/Object;)Z @ 8
Event: 1.436 Thread 0x00007f9c91008000 Uncommon trap: reason=predicate action=maybe_recompile pc=0x000000010e6fbf70 method=java.util.LinkedList.indexOf(Ljava/lang/Object;)I @ 47
Event: 1.557 Thread 0x00007f9c91ff7000 Uncommon trap: reason=null_check action=make_not_entrant pc=0x000000010e749220 method=java.lang.StringCoding.deref(Ljava/lang/ThreadLocal;)Ljava/lang/Object; @ 4
Event: 2.063 Thread 0x00007f9c91008000 Uncommon trap: reason=unreached action=reinterpret pc=0x000000010e7e31a4 method=com.google.common.collect.MapMakerInternalMap$Segment.getEntry(Ljava/lang/Object;I)Lcom/google/common/collect/MapMakerInternalMap$ReferenceEntry; @ 40
Event: 2.183 Thread 0x00007f9c91008000 Uncommon trap: reason=bimorphic action=maybe_recompile pc=0x000000010e76f6d8 method=java.util.HashMap.put(Ljava/lang/Object;Ljava/lang/Object;)Ljava/lang/Object; @ 83
Event: 2.183 Thread 0x00007f9c91008000 Uncommon trap: reason=bimorphic action=maybe_recompile pc=0x000000010e76f6d8 method=java.util.HashMap.put(Ljava/lang/Object;Ljava/lang/Object;)Ljava/lang/Object; @ 83

Internal exceptions (10 events):
Event: 2.391 Thread 0x00007f9c93a1d000 Threw 0x00000007ab03eba0 at /HUDSON/workspace/7u-2-build-macosx-x86_64/jdk7u55/869/hotspot/src/share/vm/prims/jvm.cpp:1244
Event: 2.398 Thread 0x00007f9c91008000 Threw 0x00000007ab26c6c0 at /HUDSON/workspace/7u-2-build-macosx-x86_64/jdk7u55/869/hotspot/src/share/vm/prims/jvm.cpp:1244
Event: 2.400 Thread 0x00007f9c91008000 Threw 0x00000007ab280b98 at /HUDSON/workspace/7u-2-build-macosx-x86_64/jdk7u55/869/hotspot/src/share/vm/prims/jvm.cpp:1244
Event: 2.401 Thread 0x00007f9c91008000 Threw 0x00000007ab293328 at /HUDSON/workspace/7u-2-build-macosx-x86_64/jdk7u55/869/hotspot/src/share/vm/prims/jvm.cpp:1244
Event: 2.402 Thread 0x00007f9c91008000 Threw 0x00000007ab2a9748 at /HUDSON/workspace/7u-2-build-macosx-x86_64/jdk7u55/869/hotspot/src/share/vm/prims/jvm.cpp:1244
Event: 2.403 Thread 0x00007f9c91008000 Threw 0x00000007ab2c0b40 at /HUDSON/workspace/7u-2-build-macosx-x86_64/jdk7u55/869/hotspot/src/share/vm/prims/jvm.cpp:1244
Event: 2.403 Thread 0x00007f9c91008000 Threw 0x00000007ab2d0348 at /HUDSON/workspace/7u-2-build-macosx-x86_64/jdk7u55/869/hotspot/src/share/vm/prims/jvm.cpp:1244
Event: 2.404 Thread 0x00007f9c91008000 Threw 0x00000007ab2e0860 at /HUDSON/workspace/7u-2-build-macosx-x86_64/jdk7u55/869/hotspot/src/share/vm/prims/jvm.cpp:1244
Event: 2.409 Thread 0x00007f9c91008000 Threw 0x00000007ab2f7fe8 at /HUDSON/workspace/7u-2-build-macosx-x86_64/jdk7u55/869/hotspot/src/share/vm/prims/jvm.cpp:1244
Event: 2.411 Thread 0x00007f9c91008000 Threw 0x00000007ab317700 at /HUDSON/workspace/7u-2-build-macosx-x86_64/jdk7u55/869/hotspot/src/share/vm/prims/jvm.cpp:1244

Events (10 events):
Event: 9.424 Executing VM operation: ChangeSingleStep
Event: 9.424 Executing VM operation: ChangeSingleStep done
Event: 9.424 Executing VM operation: ChangeSingleStep
Event: 9.424 Executing VM operation: ChangeSingleStep done
Event: 9.538 Executing VM operation: GetOrSetLocal
Event: 9.538 Executing VM operation: GetOrSetLocal done
Event: 9.646 Executing VM operation: GetOrSetLocal
Event: 9.646 Executing VM operation: GetOrSetLocal done
Event: 10.490 Executing VM operation: GetOrSetLocal
Event: 10.490 Executing VM operation: GetOrSetLocal done


Dynamic libraries:
0x0000000008a2b000 	/System/Library/Frameworks/Cocoa.framework/Versions/A/Cocoa
0x0000000008a2b000 	/System/Library/Frameworks/Security.framework/Versions/A/Security
0x0000000008a2b000 	/System/Library/Frameworks/ApplicationServices.framework/Versions/A/ApplicationServices
0x0000000008a2b000 	/usr/lib/libz.1.dylib
0x0000000008a2b000 	/usr/lib/libSystem.B.dylib
0x0000000008a2b000 	/usr/lib/libobjc.A.dylib
0x0000000008a2b000 	/System/Library/Frameworks/CoreFoundation.framework/Versions/A/CoreFoundation
0x0000000008a2b000 	/System/Library/Frameworks/Foundation.framework/Versions/C/Foundation
0x0000000008a2b000 	/System/Library/Frameworks/AppKit.framework/Versions/C/AppKit
0x0000000008a2b000 	/System/Library/Frameworks/CoreData.framework/Versions/A/CoreData
0x0000000008a2b000 	/System/Library/PrivateFrameworks/RemoteViewServices.framework/Versions/A/RemoteViewServices
0x0000000008a2b000 	/System/Library/Frameworks/AudioToolbox.framework/Versions/A/AudioToolbox
0x0000000008a2b000 	/System/Library/Frameworks/AudioUnit.framework/Versions/A/AudioUnit
0x0000000008a2b000 	/System/Library/PrivateFrameworks/DataDetectorsCore.framework/Versions/A/DataDetectorsCore
0x0000000008a2b000 	/System/Library/PrivateFrameworks/DesktopServicesPriv.framework/Versions/A/DesktopServicesPriv
0x0000000008a2b000 	/System/Library/Frameworks/Carbon.framework/Versions/A/Frameworks/HIToolbox.framework/Versions/A/HIToolbox
0x0000000008a2b000 	/System/Library/Frameworks/QuartzCore.framework/Versions/A/QuartzCore
0x0000000008a2b000 	/System/Library/Frameworks/Carbon.framework/Versions/A/Frameworks/SpeechRecognition.framework/Versions/A/SpeechRecognition
0x0000000008a2b000 	/usr/lib/libauto.dylib
0x0000000008a2b000 	/usr/lib/libicucore.A.dylib
0x0000000008a2b000 	/usr/lib/libxml2.2.dylib
0x0000000008a2b000 	/System/Library/PrivateFrameworks/CoreUI.framework/Versions/A/CoreUI
0x0000000008a2b000 	/System/Library/Frameworks/CoreAudio.framework/Versions/A/CoreAudio
0x0000000008a2b000 	/System/Library/Frameworks/DiskArbitration.framework/Versions/A/DiskArbitration
0x0000000008a2b000 	/usr/lib/liblangid.dylib
0x0000000008a2b000 	/System/Library/PrivateFrameworks/MultitouchSupport.framework/Versions/A/MultitouchSupport
0x0000000008a2b000 	/System/Library/Frameworks/IOKit.framework/Versions/A/IOKit
0x0000000008a2b000 	/usr/lib/libDiagnosticMessagesClient.dylib
0x0000000008a2b000 	/System/Library/Frameworks/CoreServices.framework/Versions/A/CoreServices
0x0000000008a2b000 	/System/Library/PrivateFrameworks/PerformanceAnalysis.framework/Versions/A/PerformanceAnalysis
0x0000000008a2b000 	/System/Library/PrivateFrameworks/GenerationalStorage.framework/Versions/A/GenerationalStorage
0x0000000008a2b000 	/System/Library/Frameworks/OpenGL.framework/Versions/A/OpenGL
0x0000000008a2b000 	/System/Library/PrivateFrameworks/Sharing.framework/Versions/A/Sharing
0x0000000008a2b000 	/System/Library/Frameworks/ImageIO.framework/Versions/A/ImageIO
0x0000000008a2b000 	/System/Library/Frameworks/CoreText.framework/Versions/A/CoreText
0x0000000008a2b000 	/System/Library/Frameworks/CoreGraphics.framework/Versions/A/CoreGraphics
0x0000000008a2b000 	/System/Library/PrivateFrameworks/Backup.framework/Versions/A/Backup
0x0000000008a2b000 	/System/Library/Frameworks/CFNetwork.framework/Versions/A/CFNetwork
0x0000000008a2b000 	/System/Library/Frameworks/SystemConfiguration.framework/Versions/A/SystemConfiguration
0x0000000008a2b000 	/usr/lib/libCRFSuite.dylib
0x0000000008a2b000 	/usr/lib/libc++.1.dylib
0x0000000008a2b000 	/usr/lib/libc++abi.dylib
0x0000000008a2b000 	/usr/lib/system/libcache.dylib
0x0000000008a2b000 	/usr/lib/system/libcommonCrypto.dylib
0x0000000008a2b000 	/usr/lib/system/libcompiler_rt.dylib
0x0000000008a2b000 	/usr/lib/system/libcopyfile.dylib
0x0000000008a2b000 	/usr/lib/system/libcorecrypto.dylib
0x0000000008a2b000 	/usr/lib/system/libdispatch.dylib
0x0000000008a2b000 	/usr/lib/system/libdyld.dylib
0x0000000008a2b000 	/usr/lib/system/libkeymgr.dylib
0x0000000008a2b000 	/usr/lib/system/liblaunch.dylib
0x0000000008a2b000 	/usr/lib/system/libmacho.dylib
0x0000000008a2b000 	/usr/lib/system/libquarantine.dylib
0x0000000008a2b000 	/usr/lib/system/libremovefile.dylib
0x0000000008a2b000 	/usr/lib/system/libsystem_asl.dylib
0x0000000008a2b000 	/usr/lib/system/libsystem_blocks.dylib
0x0000000008a2b000 	/usr/lib/system/libsystem_c.dylib
0x0000000008a2b000 	/usr/lib/system/libsystem_configuration.dylib
0x0000000008a2b000 	/usr/lib/system/libsystem_dnssd.dylib
0x0000000008a2b000 	/usr/lib/system/libsystem_info.dylib
0x0000000008a2b000 	/usr/lib/system/libsystem_kernel.dylib
0x0000000008a2b000 	/usr/lib/system/libsystem_m.dylib
0x0000000008a2b000 	/usr/lib/system/libsystem_malloc.dylib
0x0000000008a2b000 	/usr/lib/system/libsystem_network.dylib
0x0000000008a2b000 	/usr/lib/system/libsystem_notify.dylib
0x0000000008a2b000 	/usr/lib/system/libsystem_platform.dylib
0x0000000008a2b000 	/usr/lib/system/libsystem_pthread.dylib
0x0000000008a2b000 	/usr/lib/system/libsystem_sandbox.dylib
0x0000000008a2b000 	/usr/lib/system/libsystem_stats.dylib
0x0000000008a2b000 	/usr/lib/system/libunc.dylib
0x0000000008a2b000 	/usr/lib/system/libunwind.dylib
0x0000000008a2b000 	/usr/lib/system/libxpc.dylib
0x0000000008a2b000 	/usr/lib/libbsm.0.dylib
0x0000000008a2b000 	/usr/lib/libsqlite3.dylib
0x0000000008a2b000 	/usr/lib/libxar.1.dylib
0x0000000008a2b000 	/usr/lib/libpam.2.dylib
0x0000000008a2b000 	/usr/lib/libOpenScriptingUtil.dylib
0x0000000008a2b000 	/usr/lib/libbz2.1.0.dylib
0x0000000008a2b000 	/System/Library/Frameworks/CoreServices.framework/Versions/A/Frameworks/CarbonCore.framework/Versions/A/CarbonCore
0x0000000008a2b000 	/System/Library/Frameworks/CoreServices.framework/Versions/A/Frameworks/Metadata.framework/Versions/A/Metadata
0x0000000008a2b000 	/System/Library/Frameworks/CoreServices.framework/Versions/A/Frameworks/OSServices.framework/Versions/A/OSServices
0x0000000008a2b000 	/System/Library/Frameworks/CoreServices.framework/Versions/A/Frameworks/SearchKit.framework/Versions/A/SearchKit
0x0000000008a2b000 	/System/Library/Frameworks/CoreServices.framework/Versions/A/Frameworks/AE.framework/Versions/A/AE
0x0000000008a2b000 	/System/Library/Frameworks/CoreServices.framework/Versions/A/Frameworks/LaunchServices.framework/Versions/A/LaunchServices
0x0000000008a2b000 	/System/Library/Frameworks/CoreServices.framework/Versions/A/Frameworks/DictionaryServices.framework/Versions/A/DictionaryServices
0x0000000008a2b000 	/System/Library/Frameworks/NetFS.framework/Versions/A/NetFS
0x0000000008a2b000 	/usr/lib/system/libkxld.dylib
0x0000000008a2b000 	/System/Library/PrivateFrameworks/NetAuth.framework/Versions/A/NetAuth
0x0000000008a2b000 	/System/Library/PrivateFrameworks/TCC.framework/Versions/A/TCC
0x0000000008a2b000 	/System/Library/Frameworks/OpenDirectory.framework/Versions/A/Frameworks/CFOpenDirectory.framework/Versions/A/CFOpenDirectory
0x0000000008a2b000 	/System/Library/Frameworks/ServiceManagement.framework/Versions/A/ServiceManagement
0x0000000008a2b000 	/usr/lib/libxslt.1.dylib
0x0000000008a2b000 	/System/Library/Frameworks/Carbon.framework/Versions/A/Frameworks/Ink.framework/Versions/A/Ink
0x0000000008a2b000 	/System/Library/Frameworks/ApplicationServices.framework/Versions/A/Frameworks/ATS.framework/Versions/A/ATS
0x0000000008a2b000 	/System/Library/Frameworks/ApplicationServices.framework/Versions/A/Frameworks/ColorSync.framework/Versions/A/ColorSync
0x0000000008a2b000 	/System/Library/Frameworks/ApplicationServices.framework/Versions/A/Frameworks/HIServices.framework/Versions/A/HIServices
0x0000000008a2b000 	/System/Library/Frameworks/ApplicationServices.framework/Versions/A/Frameworks/LangAnalysis.framework/Versions/A/LangAnalysis
0x0000000008a2b000 	/System/Library/Frameworks/ApplicationServices.framework/Versions/A/Frameworks/PrintCore.framework/Versions/A/PrintCore
0x0000000008a2b000 	/System/Library/Frameworks/ApplicationServices.framework/Versions/A/Frameworks/QD.framework/Versions/A/QD
0x0000000008a2b000 	/System/Library/Frameworks/ApplicationServices.framework/Versions/A/Frameworks/SpeechSynthesis.framework/Versions/A/SpeechSynthesis
0x0000000008a2b000 	/System/Library/Frameworks/IOSurface.framework/Versions/A/IOSurface
0x0000000008a2b000 	/System/Library/Frameworks/Accelerate.framework/Versions/A/Accelerate
0x0000000008a2b000 	/System/Library/Frameworks/Accelerate.framework/Versions/A/Frameworks/vImage.framework/Versions/A/vImage
0x0000000008a2b000 	/System/Library/Frameworks/Accelerate.framework/Versions/A/Frameworks/vecLib.framework/Versions/A/vecLib
0x0000000008a2b000 	/System/Library/Frameworks/Accelerate.framework/Versions/A/Frameworks/vecLib.framework/Versions/A/libvDSP.dylib
0x0000000008a2b000 	/System/Library/Frameworks/Accelerate.framework/Versions/A/Frameworks/vecLib.framework/Versions/A/libvMisc.dylib
0x0000000008a2b000 	/System/Library/Frameworks/Accelerate.framework/Versions/A/Frameworks/vecLib.framework/Versions/A/libLAPACK.dylib
0x0000000008a2b000 	/System/Library/Frameworks/Accelerate.framework/Versions/A/Frameworks/vecLib.framework/Versions/A/libBLAS.dylib
0x0000000008a2b000 	/System/Library/Frameworks/ApplicationServices.framework/Versions/A/Frameworks/ATS.framework/Versions/A/Resources/libFontParser.dylib
0x0000000008a2b000 	/System/Library/Frameworks/ApplicationServices.framework/Versions/A/Frameworks/ATS.framework/Versions/A/Resources/libFontRegistry.dylib
0x0000000008a2b000 	/System/Library/Frameworks/ImageIO.framework/Versions/A/Resources/libJPEG.dylib
0x0000000008a2b000 	/System/Library/Frameworks/ImageIO.framework/Versions/A/Resources/libTIFF.dylib
0x0000000008a2b000 	/System/Library/Frameworks/ImageIO.framework/Versions/A/Resources/libPng.dylib
0x0000000008a2b000 	/System/Library/Frameworks/ImageIO.framework/Versions/A/Resources/libGIF.dylib
0x0000000008a2b000 	/System/Library/Frameworks/ImageIO.framework/Versions/A/Resources/libJP2.dylib
0x0000000008a2b000 	/System/Library/Frameworks/ImageIO.framework/Versions/A/Resources/libRadiance.dylib
0x0000000008a2b000 	/usr/lib/libcups.2.dylib
0x0000000008a2b000 	/System/Library/Frameworks/Kerberos.framework/Versions/A/Kerberos
0x0000000008a2b000 	/System/Library/Frameworks/GSS.framework/Versions/A/GSS
0x0000000008a2b000 	/usr/lib/libresolv.9.dylib
0x0000000008a2b000 	/usr/lib/libiconv.2.dylib
0x0000000008a2b000 	/System/Library/PrivateFrameworks/Heimdal.framework/Versions/A/Heimdal
0x0000000008a2b000 	/System/Library/PrivateFrameworks/TrustEvaluationAgent.framework/Versions/A/TrustEvaluationAgent
0x0000000008a2b000 	/usr/lib/libheimdal-asn1.dylib
0x0000000008a2b000 	/System/Library/Frameworks/OpenDirectory.framework/Versions/A/OpenDirectory
0x0000000008a2b000 	/System/Library/PrivateFrameworks/CommonAuth.framework/Versions/A/CommonAuth
0x0000000008a2b000 	/System/Library/Frameworks/SecurityFoundation.framework/Versions/A/SecurityFoundation
0x0000000008a2b000 	/System/Library/PrivateFrameworks/Bom.framework/Versions/A/Bom
0x0000000008a2b000 	/System/Library/Frameworks/CoreVideo.framework/Versions/A/CoreVideo
0x0000000008a2b000 	/System/Library/Frameworks/QuartzCore.framework/Versions/A/Frameworks/CoreImage.framework/Versions/A/CoreImage
0x0000000008a2b000 	/System/Library/Frameworks/QuartzCore.framework/Versions/A/Frameworks/ScalableUserInterface.framework/Versions/A/ScalableUserInterface
0x0000000008a2b000 	/System/Library/Frameworks/OpenGL.framework/Versions/A/Libraries/libGLU.dylib
0x0000000008a2b000 	/System/Library/Frameworks/OpenGL.framework/Versions/A/Libraries/libGFXShared.dylib
0x0000000008a2b000 	/System/Library/Frameworks/OpenGL.framework/Versions/A/Libraries/libGL.dylib
0x0000000008a2b000 	/System/Library/Frameworks/OpenGL.framework/Versions/A/Libraries/libGLImage.dylib
0x0000000008a2b000 	/System/Library/Frameworks/OpenGL.framework/Versions/A/Libraries/libCVMSPluginSupport.dylib
0x0000000008a2b000 	/System/Library/Frameworks/OpenGL.framework/Versions/A/Libraries/libCoreVMClient.dylib
0x0000000008a2b000 	/System/Library/PrivateFrameworks/FaceCore.framework/Versions/A/FaceCore
0x0000000008a2b000 	/System/Library/PrivateFrameworks/CrashReporterSupport.framework/Versions/A/CrashReporterSupport
0x0000000008a2b000 	/System/Library/Frameworks/OpenCL.framework/Versions/A/OpenCL
0x0000000008a2b000 	/System/Library/PrivateFrameworks/AppleFSCompression.framework/Versions/A/AppleFSCompression
0x0000000008a2b000 	/System/Library/PrivateFrameworks/Ubiquity.framework/Versions/A/Ubiquity
0x0000000008a2b000 	/System/Library/PrivateFrameworks/IconServices.framework/Versions/A/IconServices
0x0000000008a2b000 	/System/Library/PrivateFrameworks/ChunkingLibrary.framework/Versions/A/ChunkingLibrary
0x0000000008a2b000 	/System/Library/PrivateFrameworks/CoreSymbolication.framework/Versions/A/CoreSymbolication
0x0000000008a2b000 	/System/Library/PrivateFrameworks/Symbolication.framework/Versions/A/Symbolication
0x0000000008a2b000 	/System/Library/PrivateFrameworks/DebugSymbols.framework/Versions/A/DebugSymbols
0x000000010dc00000 	/Library/Java/JavaVirtualMachines/jdk1.7.0_55.jdk/Contents/Home/jre/lib/server/libjvm.dylib
0x0000000008a2b000 	/usr/lib/libstdc++.6.dylib
0x000000010cbb3000 	/Library/Java/JavaVirtualMachines/jdk1.7.0_55.jdk/Contents/Home/jre/lib/libverify.dylib
0x000000010cbc0000 	/Library/Java/JavaVirtualMachines/jdk1.7.0_55.jdk/Contents/Home/jre/lib/libjava.dylib
0x000000010e653000 	/Library/Java/JavaVirtualMachines/jdk1.7.0_55.jdk/Contents/Home/jre/lib/libjdwp.dylib
0x000000010cbf1000 	/Library/Java/JavaVirtualMachines/jdk1.7.0_55.jdk/Contents/Home/jre/lib/libnpt.dylib
0x000000010e690000 	/Library/Java/JavaVirtualMachines/jdk1.7.0_55.jdk/Contents/Home/jre/lib/libzip.dylib
0x000000011da65000 	/System/Library/Frameworks/JavaVM.framework/Frameworks/JavaRuntimeSupport.framework/JavaRuntimeSupport
0x000000011da7d000 	/System/Library/Frameworks/JavaVM.framework/Versions/A/Frameworks/JavaNativeFoundation.framework/Versions/A/JavaNativeFoundation
0x000000011da91000 	/System/Library/Frameworks/JavaVM.framework/Versions/A/JavaVM
0x0000000008a2b000 	/System/Library/Frameworks/Carbon.framework/Versions/A/Carbon
0x000000011da9d000 	/System/Library/PrivateFrameworks/JavaLaunching.framework/Versions/A/JavaLaunching
0x0000000008a2b000 	/System/Library/Frameworks/Carbon.framework/Versions/A/Frameworks/CommonPanels.framework/Versions/A/CommonPanels
0x0000000008a2b000 	/System/Library/Frameworks/Carbon.framework/Versions/A/Frameworks/Help.framework/Versions/A/Help
0x0000000008a2b000 	/System/Library/Frameworks/Carbon.framework/Versions/A/Frameworks/ImageCapture.framework/Versions/A/ImageCapture
0x0000000008a2b000 	/System/Library/Frameworks/Carbon.framework/Versions/A/Frameworks/OpenScripting.framework/Versions/A/OpenScripting
0x0000000008a2b000 	/System/Library/Frameworks/Carbon.framework/Versions/A/Frameworks/Print.framework/Versions/A/Print
0x0000000008a2b000 	/System/Library/Frameworks/Carbon.framework/Versions/A/Frameworks/SecurityHI.framework/Versions/A/SecurityHI
0x000000011dcb2000 	/Library/Java/JavaVirtualMachines/jdk1.7.0_55.jdk/Contents/Home/jre/lib/libdt_socket.dylib
0x000000011ef75000 	/Library/Java/JavaVirtualMachines/jdk1.7.0_55.jdk/Contents/Home/jre/lib/libnet.dylib
0x000000011f396000 	/Library/Java/JavaVirtualMachines/jdk1.7.0_55.jdk/Contents/Home/jre/lib/libnio.dylib
0x000000011f4d0000 	/Library/Java/JavaVirtualMachines/jdk1.7.0_55.jdk/Contents/Home/jre/lib/libmanagement.dylib
0x000000011e41b000 	/Library/Java/JavaVirtualMachines/jdk1.7.0_55.jdk/Contents/Home/jre/lib/libosx.dylib
0x000000011e429000 	/Library/Java/JavaVirtualMachines/jdk1.7.0_55.jdk/Contents/Home/jre/lib/./libosxapp.dylib
0x0000000008a2b000 	/System/Library/Frameworks/ExceptionHandling.framework/Versions/A/ExceptionHandling
0x000000011e49c000 	/Library/Java/JavaVirtualMachines/jdk1.7.0_55.jdk/Contents/Home/jre/lib/libjaas_unix.dylib

VM Arguments:
jvm_args: -agentlib:jdwp=transport=dt_socket,suspend=y,address=localhost:61473 -Dfile.encoding=UTF-8 
java_command: org.eclipse.jdt.internal.junit.runner.RemoteTestRunner -version 3 -port 61472 -testLoaderClass org.eclipse.jdt.internal.junit4.runner.JUnit4TestLoader -loaderpluginname org.eclipse.jdt.junit4.runtime -classNames com.ubiquity.sprocket.repository.ContentRepositoryTest
Launcher Type: SUN_STANDARD

Environment Variables:
PATH=/usr/bin:/bin:/usr/sbin:/sbin
SHELL=/bin/bash
DISPLAY=/tmp/launch-q2lJub/org.macosforge.xquartz:0

Signal Handlers:
SIGSEGV: [libjvm.dylib+0x5253e5], sa_mask[0]=0xfffefeff, sa_flags=0x00000043
SIGBUS: [libjvm.dylib+0x5253e5], sa_mask[0]=0xfffefeff, sa_flags=0x00000042
SIGFPE: [libjvm.dylib+0x4188a2], sa_mask[0]=0xfffefeff, sa_flags=0x00000042
SIGPIPE: [libjvm.dylib+0x4188a2], sa_mask[0]=0xfffefeff, sa_flags=0x00000042
SIGXFSZ: [libjvm.dylib+0x4188a2], sa_mask[0]=0xfffefeff, sa_flags=0x00000042
SIGILL: [libjvm.dylib+0x4188a2], sa_mask[0]=0xfffefeff, sa_flags=0x00000042
SIGUSR1: SIG_DFL, sa_mask[0]=0x00000000, sa_flags=0x00000002
SIGUSR2: [libjvm.dylib+0x418394], sa_mask[0]=0x00000004, sa_flags=0x00000042
SIGHUP: [libjvm.dylib+0x416623], sa_mask[0]=0xfffefeff, sa_flags=0x00000042
SIGINT: [libjvm.dylib+0x416623], sa_mask[0]=0xfffefeff, sa_flags=0x00000042
SIGTERM: [libjvm.dylib+0x416623], sa_mask[0]=0xfffefeff, sa_flags=0x00000042
SIGQUIT: [libjvm.dylib+0x416623], sa_mask[0]=0xfffefeff, sa_flags=0x00000042


---------------  S Y S T E M  ---------------

OS:Bsduname:Darwin 13.4.0 Darwin Kernel Version 13.4.0: Sun Aug 17 19:50:11 PDT 2014; root:xnu-2422.115.4~1/RELEASE_X86_64 x86_64
rlimit: STACK 8192k, CORE 0k, NPROC 709, NOFILE 10240, AS infinity
load average:2.14 2.14 2.13

CPU:total 8 (4 cores per cpu, 2 threads per core) family 6 model 58 stepping 9, cmov, cx8, fxsr, mmx, sse, sse2, sse3, ssse3, sse4.1, sse4.2, popcnt, avx, aes, erms, ht, tsc, tscinvbit, tscinv

Memory: 4k page, physical 16777216k(4194304k free)

/proc/meminfo:


vm_info: Java HotSpot(TM) 64-Bit Server VM (24.55-b03) for bsd-amd64 JRE (1.7.0_55-b13), built on Mar 17 2014 19:40:08 by "java_re" with gcc 4.2.1 (Based on Apple Inc. build 5658) (LLVM build 2336.11.00)

time: Fri Dec  5 09:16:14 2014
elapsed time: 10 seconds

